2022-02-02
2022-02-02 11:ii
2022-02-02 11:ii
2022-02-02 11:58
2022-02-02 11:58
2022-02-02 12:02:00
2022-02-02 12:02:00
2022-02-02 12:02:10
2022-02-02 12:02:10
2022-02-02 12:14:07
2022-02-02 12:14:07
2022-02-02 12:28:42
0062845683180.eps
/vol04/Sobeys_Assets/Sobeys_SMT/6/28/
{"COMPLETE":1,"STATUS":0}
2022-02-02 12:28:42
2022-02-02 12:31:07
0062845683180.eps
/vol04/Sobeys_Assets/Sobeys_SMT/6/28/
{"COMPLETE":1,"STATUS":0}
0062902810311.eps
/vol04/Sobeys_Assets/Sobeys_SMT/6/29/
{"COMPLETE":1,"STATUS":0}
2022-02-02 12:31:07
2022-02-02 12:34:50
A0000000068204.eps
/vol04/Sobeys_Assets/Sobeys_SMT//
2022-02-02 12:37:43
A0000000068204.eps
/vol04/Sobeys_Assets/Sobeys_SMT/6/82/
{"COMPLETE":1,"STATUS":0}
2022-02-02 12:37:43
